Created by PLY version 3.11 (http://www.dabeaz.com/ply)

Unused terminals:

    CE
    CS
    DEF
    ELSE
    IF
    LLE
    LLS
    RETURN
    TYPE
    WHILE

Grammar

Rule 0     S' -> programa
Rule 1     programa -> linea programa
Rule 2     programa -> <empty>
Rule 3     linea -> expresion NEWLINE
Rule 4     linea -> NEWLINE
Rule 5     expresion -> tipo ID EQ expresion
Rule 6     expresion -> ID EQ expresion
Rule 7     tipo -> INT
Rule 8     tipo -> FLOAT
Rule 9     tipo -> BOOL
Rule 10    tipo -> CHAR
Rule 11    expresion -> expresion OR expresion_logica
Rule 12    expresion -> expresion_logica
Rule 13    expresion_logica -> expresion_logica AND expresion_relacional
Rule 14    expresion_logica -> expresion_relacional
Rule 15    expresion_relacional -> termino_aritmetico I termino_aritmetico
Rule 16    expresion_relacional -> termino_aritmetico M termino_aritmetico
Rule 17    expresion_relacional -> termino_aritmetico m termino_aritmetico
Rule 18    expresion_relacional -> termino_aritmetico MI termino_aritmetico
Rule 19    expresion_relacional -> termino_aritmetico mI termino_aritmetico
Rule 20    expresion_relacional -> termino_aritmetico
Rule 21    termino_aritmetico -> termino_aritmetico SUM factor
Rule 22    termino_aritmetico -> termino_aritmetico RES factor
Rule 23    termino_aritmetico -> factor
Rule 24    factor -> factor MUL elemento
Rule 25    factor -> factor DIV elemento
Rule 26    factor -> elemento
Rule 27    booleano -> TRUE
Rule 28    booleano -> FALSE
Rule 29    elemento -> ENTERO_DECIMAL
Rule 30    elemento -> ENTERO_BINARIO
Rule 31    elemento -> ENTERO_OCTAL
Rule 32    elemento -> ENTERO_HEXADECIMAL
Rule 33    elemento -> REAL_DECIMAL
Rule 34    elemento -> REAL_CIENTIFICO
Rule 35    elemento -> booleano
Rule 36    elemento -> CARACTER
Rule 37    elemento -> ID
Rule 38    elemento -> PE expresion PS
Rule 39    elemento -> RES elemento
Rule 40    elemento -> NOT elemento
Rule 41    elemento -> SEN PE expresion PS
Rule 42    elemento -> COS PE expresion PS
Rule 43    elemento -> EXP PE expresion PS
Rule 44    elemento -> LOG PE expresion PS

Terminals, with rules where they appear

AND                  : 13
BOOL                 : 9
CARACTER             : 36
CE                   : 
CHAR                 : 10
COS                  : 42
CS                   : 
DEF                  : 
DIV                  : 25
ELSE                 : 
ENTERO_BINARIO       : 30
ENTERO_DECIMAL       : 29
ENTERO_HEXADECIMAL   : 32
ENTERO_OCTAL         : 31
EQ                   : 5 6
EXP                  : 43
FALSE                : 28
FLOAT                : 8
I                    : 15
ID                   : 5 6 37
IF                   : 
INT                  : 7
LLE                  : 
LLS                  : 
LOG                  : 44
M                    : 16
MI                   : 18
MUL                  : 24
NEWLINE              : 3 4
NOT                  : 40
OR                   : 11
PE                   : 38 41 42 43 44
PS                   : 38 41 42 43 44
REAL_CIENTIFICO      : 34
REAL_DECIMAL         : 33
RES                  : 22 39
RETURN               : 
SEN                  : 41
SUM                  : 21
TRUE                 : 27
TYPE                 : 
WHILE                : 
error                : 
m                    : 17
mI                   : 19

Nonterminals, with rules where they appear

booleano             : 35
elemento             : 24 25 26 39 40
expresion            : 3 5 6 11 38 41 42 43 44
expresion_logica     : 11 12 13
expresion_relacional : 13 14
factor               : 21 22 23 24 25
linea                : 1
programa             : 1 0
termino_aritmetico   : 15 15 16 16 17 17 18 18 19 19 20 21 22
tipo                 : 5

Parsing method: LALR

state 0

    (0) S' -> . programa
    (1) programa -> . linea programa
    (2) programa -> .
    (3) linea -> . expresion NEWLINE
    (4) linea -> . NEWLINE
    (5) expresion -> . tipo ID EQ expresion
    (6) expresion -> . ID EQ expresion
    (11) expresion -> . expresion OR expresion_logica
    (12) expresion -> . expresion_logica
    (7) tipo -> . INT
    (8) tipo -> . FLOAT
    (9) tipo -> . BOOL
    (10) tipo -> . CHAR
    (13) expresion_logica -> . expresion_logica AND expresion_relacional
    (14) expresion_logica -> . expresion_relacional
    (15) expresion_relacional -> . termino_aritmetico I termino_aritmetico
    (16) expresion_relacional -> . termino_aritmetico M termino_aritmetico
    (17) expresion_relacional -> . termino_aritmetico m termino_aritmetico
    (18) expresion_relacional -> . termino_aritmetico MI termino_aritmetico
    (19) expresion_relacional -> . termino_aritmetico mI termino_aritmetico
    (20) expresion_relacional -> . termino_aritmetico
    (21) termino_aritmetico -> . termino_aritmetico SUM factor
    (22) termino_aritmetico -> . termino_aritmetico RES factor
    (23) termino_aritmetico -> . factor
    (24) factor -> . factor MUL elemento
    (25) factor -> . factor DIV elemento
    (26) factor -> . elemento
    (29) elemento -> . ENTERO_DECIMAL
    (30) elemento -> . ENTERO_BINARIO
    (31) elemento -> . ENTERO_OCTAL
    (32) elemento -> . ENTERO_HEXADECIMAL
    (33) elemento -> . REAL_DECIMAL
    (34) elemento -> . REAL_CIENTIFICO
    (35) elemento -> . booleano
    (36) elemento -> . CARACTER
    (37) elemento -> . ID
    (38) elemento -> . PE expresion PS
    (39) elemento -> . RES elemento
    (40) elemento -> . NOT elemento
    (41) elemento -> . SEN PE expresion PS
    (42) elemento -> . COS PE expresion PS
    (43) elemento -> . EXP PE expresion PS
    (44) elemento -> . LOG PE expresion PS
    (27) booleano -> . TRUE
    (28) booleano -> . FALSE

    $end            reduce using rule 2 (programa -> .)
    NEWLINE         shift and go to state 4
    ID              shift and go to state 6
    INT             shift and go to state 8
    FLOAT           shift and go to state 9
    BOOL            shift and go to state 10
    CHAR            shift and go to state 11
    ENTERO_DECIMAL  shift and go to state 17
    ENTERO_BINARIO  shift and go to state 18
    ENTERO_OCTAL    shift and go to state 19
    ENTERO_HEXADECIMAL shift and go to state 20
    REAL_DECIMAL    shift and go to state 21
    REAL_CIENTIFICO shift and go to state 22
    CARACTER        shift and go to state 24
    PE              shift and go to state 25
    RES             shift and go to state 15
    NOT             shift and go to state 26
    SEN             shift and go to state 27
    COS             shift and go to state 28
    EXP             shift and go to state 29
    LOG             shift and go to state 30
    TRUE            shift and go to state 31
    FALSE           shift and go to state 32

    programa                       shift and go to state 1
    linea                          shift and go to state 2
    expresion                      shift and go to state 3
    tipo                           shift and go to state 5
    expresion_logica               shift and go to state 7
    expresion_relacional           shift and go to state 12
    termino_aritmetico             shift and go to state 13
    factor                         shift and go to state 14
    elemento                       shift and go to state 16
    booleano                       shift and go to state 23

state 1

    (0) S' -> programa .



state 2

    (1) programa -> linea . programa
    (1) programa -> . linea programa
    (2) programa -> .
    (3) linea -> . expresion NEWLINE
    (4) linea -> . NEWLINE
    (5) expresion -> . tipo ID EQ expresion
    (6) expresion -> . ID EQ expresion
    (11) expresion -> . expresion OR expresion_logica
    (12) expresion -> . expresion_logica
    (7) tipo -> . INT
    (8) tipo -> . FLOAT
    (9) tipo -> . BOOL
    (10) tipo -> . CHAR
    (13) expresion_logica -> . expresion_logica AND expresion_relacional
    (14) expresion_logica -> . expresion_relacional
    (15) expresion_relacional -> . termino_aritmetico I termino_aritmetico
    (16) expresion_relacional -> . termino_aritmetico M termino_aritmetico
    (17) expresion_relacional -> . termino_aritmetico m termino_aritmetico
    (18) expresion_relacional -> . termino_aritmetico MI termino_aritmetico
    (19) expresion_relacional -> . termino_aritmetico mI termino_aritmetico
    (20) expresion_relacional -> . termino_aritmetico
    (21) termino_aritmetico -> . termino_aritmetico SUM factor
    (22) termino_aritmetico -> . termino_aritmetico RES factor
    (23) termino_aritmetico -> . factor
    (24) factor -> . factor MUL elemento
    (25) factor -> . factor DIV elemento
    (26) factor -> . elemento
    (29) elemento -> . ENTERO_DECIMAL
    (30) elemento -> . ENTERO_BINARIO
    (31) elemento -> . ENTERO_OCTAL
    (32) elemento -> . ENTERO_HEXADECIMAL
    (33) elemento -> . REAL_DECIMAL
    (34) elemento -> . REAL_CIENTIFICO
    (35) elemento -> . booleano
    (36) elemento -> . CARACTER
    (37) elemento -> . ID
    (38) elemento -> . PE expresion PS
    (39) elemento -> . RES elemento
    (40) elemento -> . NOT elemento
    (41) elemento -> . SEN PE expresion PS
    (42) elemento -> . COS PE expresion PS
    (43) elemento -> . EXP PE expresion PS
    (44) elemento -> . LOG PE expresion PS
    (27) booleano -> . TRUE
    (28) booleano -> . FALSE

    $end            reduce using rule 2 (programa -> .)
    NEWLINE         shift and go to state 4
    ID              shift and go to state 6
    INT             shift and go to state 8
    FLOAT           shift and go to state 9
    BOOL            shift and go to state 10
    CHAR            shift and go to state 11
    ENTERO_DECIMAL  shift and go to state 17
    ENTERO_BINARIO  shift and go to state 18
    ENTERO_OCTAL    shift and go to state 19
    ENTERO_HEXADECIMAL shift and go to state 20
    REAL_DECIMAL    shift and go to state 21
    REAL_CIENTIFICO shift and go to state 22
    CARACTER        shift and go to state 24
    PE              shift and go to state 25
    RES             shift and go to state 15
    NOT             shift and go to state 26
    SEN             shift and go to state 27
    COS             shift and go to state 28
    EXP             shift and go to state 29
    LOG             shift and go to state 30
    TRUE            shift and go to state 31
    FALSE           shift and go to state 32

    linea                          shift and go to state 2
    programa                       shift and go to state 33
    expresion                      shift and go to state 3
    tipo                           shift and go to state 5
    expresion_logica               shift and go to state 7
    expresion_relacional           shift and go to state 12
    termino_aritmetico             shift and go to state 13
    factor                         shift and go to state 14
    elemento                       shift and go to state 16
    booleano                       shift and go to state 23

state 3

    (3) linea -> expresion . NEWLINE
    (11) expresion -> expresion . OR expresion_logica

    NEWLINE         shift and go to state 34
    OR              shift and go to state 35


state 4

    (4) linea -> NEWLINE .

    NEWLINE         reduce using rule 4 (linea -> NEWLINE .)
    ID              reduce using rule 4 (linea -> NEWLINE .)
    INT             reduce using rule 4 (linea -> NEWLINE .)
    FLOAT           reduce using rule 4 (linea -> NEWLINE .)
    BOOL            reduce using rule 4 (linea -> NEWLINE .)
    CHAR            reduce using rule 4 (linea -> NEWLINE .)
    ENTERO_DECIMAL  reduce using rule 4 (linea -> NEWLINE .)
    ENTERO_BINARIO  reduce using rule 4 (linea -> NEWLINE .)
    ENTERO_OCTAL    reduce using rule 4 (linea -> NEWLINE .)
    ENTERO_HEXADECIMAL reduce using rule 4 (linea -> NEWLINE .)
    REAL_DECIMAL    reduce using rule 4 (linea -> NEWLINE .)
    REAL_CIENTIFICO reduce using rule 4 (linea -> NEWLINE .)
    CARACTER        reduce using rule 4 (linea -> NEWLINE .)
    PE              reduce using rule 4 (linea -> NEWLINE .)
    RES             reduce using rule 4 (linea -> NEWLINE .)
    NOT             reduce using rule 4 (linea -> NEWLINE .)
    SEN             reduce using rule 4 (linea -> NEWLINE .)
    COS             reduce using rule 4 (linea -> NEWLINE .)
    EXP             reduce using rule 4 (linea -> NEWLINE .)
    LOG             reduce using rule 4 (linea -> NEWLINE .)
    TRUE            reduce using rule 4 (linea -> NEWLINE .)
    FALSE           reduce using rule 4 (linea -> NEWLINE .)
    $end            reduce using rule 4 (linea -> NEWLINE .)


state 5

    (5) expresion -> tipo . ID EQ expresion

    ID              shift and go to state 36


state 6

    (6) expresion -> ID . EQ expresion
    (37) elemento -> ID .

    EQ              shift and go to state 37
    MUL             reduce using rule 37 (elemento -> ID .)
    DIV             reduce using rule 37 (elemento -> ID .)
    I               reduce using rule 37 (elemento -> ID .)
    M               reduce using rule 37 (elemento -> ID .)
    m               reduce using rule 37 (elemento -> ID .)
    MI              reduce using rule 37 (elemento -> ID .)
    mI              reduce using rule 37 (elemento -> ID .)
    SUM             reduce using rule 37 (elemento -> ID .)
    RES             reduce using rule 37 (elemento -> ID .)
    AND             reduce using rule 37 (elemento -> ID .)
    NEWLINE         reduce using rule 37 (elemento -> ID .)
    OR              reduce using rule 37 (elemento -> ID .)
    PS              reduce using rule 37 (elemento -> ID .)


state 7

    (12) expresion -> expresion_logica .
    (13) expresion_logica -> expresion_logica . AND expresion_relacional

    NEWLINE         reduce using rule 12 (expresion -> expresion_logica .)
    OR              reduce using rule 12 (expresion -> expresion_logica .)
    PS              reduce using rule 12 (expresion -> expresion_logica .)
    AND             shift and go to state 38


state 8

    (7) tipo -> INT .

    ID              reduce using rule 7 (tipo -> INT .)


state 9

    (8) tipo -> FLOAT .

    ID              reduce using rule 8 (tipo -> FLOAT .)


state 10

    (9) tipo -> BOOL .

    ID              reduce using rule 9 (tipo -> BOOL .)


state 11

    (10) tipo -> CHAR .

    ID              reduce using rule 10 (tipo -> CHAR .)


state 12

    (14) expresion_logica -> expresion_relacional .

    AND             reduce using rule 14 (expresion_logica -> expresion_relacional .)
    NEWLINE         reduce using rule 14 (expresion_logica -> expresion_relacional .)
    OR              reduce using rule 14 (expresion_logica -> expresion_relacional .)
    PS              reduce using rule 14 (expresion_logica -> expresion_relacional .)


state 13

    (15) expresion_relacional -> termino_aritmetico . I termino_aritmetico
    (16) expresion_relacional -> termino_aritmetico . M termino_aritmetico
    (17) expresion_relacional -> termino_aritmetico . m termino_aritmetico
    (18) expresion_relacional -> termino_aritmetico . MI termino_aritmetico
    (19) expresion_relacional -> termino_aritmetico . mI termino_aritmetico
    (20) expresion_relacional -> termino_aritmetico .
    (21) termino_aritmetico -> termino_aritmetico . SUM factor
    (22) termino_aritmetico -> termino_aritmetico . RES factor

    I               shift and go to state 39
    M               shift and go to state 40
    m               shift and go to state 41
    MI              shift and go to state 42
    mI              shift and go to state 43
    AND             reduce using rule 20 (expresion_relacional -> termino_aritmetico .)
    NEWLINE         reduce using rule 20 (expresion_relacional -> termino_aritmetico .)
    OR              reduce using rule 20 (expresion_relacional -> termino_aritmetico .)
    PS              reduce using rule 20 (expresion_relacional -> termino_aritmetico .)
    SUM             shift and go to state 44
    RES             shift and go to state 45


state 14

    (23) termino_aritmetico -> factor .
    (24) factor -> factor . MUL elemento
    (25) factor -> factor . DIV elemento

    I               reduce using rule 23 (termino_aritmetico -> factor .)
    M               reduce using rule 23 (termino_aritmetico -> factor .)
    m               reduce using rule 23 (termino_aritmetico -> factor .)
    MI              reduce using rule 23 (termino_aritmetico -> factor .)
    mI              reduce using rule 23 (termino_aritmetico -> factor .)
    SUM             reduce using rule 23 (termino_aritmetico -> factor .)
    RES             reduce using rule 23 (termino_aritmetico -> factor .)
    AND             reduce using rule 23 (termino_aritmetico -> factor .)
    NEWLINE         reduce using rule 23 (termino_aritmetico -> factor .)
    OR              reduce using rule 23 (termino_aritmetico -> factor .)
    PS              reduce using rule 23 (termino_aritmetico -> factor .)
    MUL             shift and go to state 46
    DIV             shift and go to state 47


state 15

    (39) elemento -> RES . elemento
    (29) elemento -> . ENTERO_DECIMAL
    (30) elemento -> . ENTERO_BINARIO
    (31) elemento -> . ENTERO_OCTAL
    (32) elemento -> . ENTERO_HEXADECIMAL
    (33) elemento -> . REAL_DECIMAL
    (34) elemento -> . REAL_CIENTIFICO
    (35) elemento -> . booleano
    (36) elemento -> . CARACTER
    (37) elemento -> . ID
    (38) elemento -> . PE expresion PS
    (39) elemento -> . RES elemento
    (40) elemento -> . NOT elemento
    (41) elemento -> . SEN PE expresion PS
    (42) elemento -> . COS PE expresion PS
    (43) elemento -> . EXP PE expresion PS
    (44) elemento -> . LOG PE expresion PS
    (27) booleano -> . TRUE
    (28) booleano -> . FALSE

    ENTERO_DECIMAL  shift and go to state 17
    ENTERO_BINARIO  shift and go to state 18
    ENTERO_OCTAL    shift and go to state 19
    ENTERO_HEXADECIMAL shift and go to state 20
    REAL_DECIMAL    shift and go to state 21
    REAL_CIENTIFICO shift and go to state 22
    CARACTER        shift and go to state 24
    ID              shift and go to state 49
    PE              shift and go to state 25
    RES             shift and go to state 15
    NOT             shift and go to state 26
    SEN             shift and go to state 27
    COS             shift and go to state 28
    EXP             shift and go to state 29
    LOG             shift and go to state 30
    TRUE            shift and go to state 31
    FALSE           shift and go to state 32

    elemento                       shift and go to state 48
    booleano                       shift and go to state 23

state 16

    (26) factor -> elemento .

    MUL             reduce using rule 26 (factor -> elemento .)
    DIV             reduce using rule 26 (factor -> elemento .)
    I               reduce using rule 26 (factor -> elemento .)
    M               reduce using rule 26 (factor -> elemento .)
    m               reduce using rule 26 (factor -> elemento .)
    MI              reduce using rule 26 (factor -> elemento .)
    mI              reduce using rule 26 (factor -> elemento .)
    SUM             reduce using rule 26 (factor -> elemento .)
    RES             reduce using rule 26 (factor -> elemento .)
    AND             reduce using rule 26 (factor -> elemento .)
    NEWLINE         reduce using rule 26 (factor -> elemento .)
    OR              reduce using rule 26 (factor -> elemento .)
    PS              reduce using rule 26 (factor -> elemento .)


state 17

    (29) elemento -> ENTERO_DECIMAL .

    MUL             reduce using rule 29 (elemento -> ENTERO_DECIMAL .)
    DIV             reduce using rule 29 (elemento -> ENTERO_DECIMAL .)
    I               reduce using rule 29 (elemento -> ENTERO_DECIMAL .)
    M               reduce using rule 29 (elemento -> ENTERO_DECIMAL .)
    m               reduce using rule 29 (elemento -> ENTERO_DECIMAL .)
    MI              reduce using rule 29 (elemento -> ENTERO_DECIMAL .)
    mI              reduce using rule 29 (elemento -> ENTERO_DECIMAL .)
    SUM             reduce using rule 29 (elemento -> ENTERO_DECIMAL .)
    RES             reduce using rule 29 (elemento -> ENTERO_DECIMAL .)
    AND             reduce using rule 29 (elemento -> ENTERO_DECIMAL .)
    NEWLINE         reduce using rule 29 (elemento -> ENTERO_DECIMAL .)
    OR              reduce using rule 29 (elemento -> ENTERO_DECIMAL .)
    PS              reduce using rule 29 (elemento -> ENTERO_DECIMAL .)


state 18

    (30) elemento -> ENTERO_BINARIO .

    MUL             reduce using rule 30 (elemento -> ENTERO_BINARIO .)
    DIV             reduce using rule 30 (elemento -> ENTERO_BINARIO .)
    I               reduce using rule 30 (elemento -> ENTERO_BINARIO .)
    M               reduce using rule 30 (elemento -> ENTERO_BINARIO .)
    m               reduce using rule 30 (elemento -> ENTERO_BINARIO .)
    MI              reduce using rule 30 (elemento -> ENTERO_BINARIO .)
    mI              reduce using rule 30 (elemento -> ENTERO_BINARIO .)
    SUM             reduce using rule 30 (elemento -> ENTERO_BINARIO .)
    RES             reduce using rule 30 (elemento -> ENTERO_BINARIO .)
    AND             reduce using rule 30 (elemento -> ENTERO_BINARIO .)
    NEWLINE         reduce using rule 30 (elemento -> ENTERO_BINARIO .)
    OR              reduce using rule 30 (elemento -> ENTERO_BINARIO .)
    PS              reduce using rule 30 (elemento -> ENTERO_BINARIO .)


state 19

    (31) elemento -> ENTERO_OCTAL .

    MUL             reduce using rule 31 (elemento -> ENTERO_OCTAL .)
    DIV             reduce using rule 31 (elemento -> ENTERO_OCTAL .)
    I               reduce using rule 31 (elemento -> ENTERO_OCTAL .)
    M               reduce using rule 31 (elemento -> ENTERO_OCTAL .)
    m               reduce using rule 31 (elemento -> ENTERO_OCTAL .)
    MI              reduce using rule 31 (elemento -> ENTERO_OCTAL .)
    mI              reduce using rule 31 (elemento -> ENTERO_OCTAL .)
    SUM             reduce using rule 31 (elemento -> ENTERO_OCTAL .)
    RES             reduce using rule 31 (elemento -> ENTERO_OCTAL .)
    AND             reduce using rule 31 (elemento -> ENTERO_OCTAL .)
    NEWLINE         reduce using rule 31 (elemento -> ENTERO_OCTAL .)
    OR              reduce using rule 31 (elemento -> ENTERO_OCTAL .)
    PS              reduce using rule 31 (elemento -> ENTERO_OCTAL .)


state 20

    (32) elemento -> ENTERO_HEXADECIMAL .

    MUL             reduce using rule 32 (elemento -> ENTERO_HEXADECIMAL .)
    DIV             reduce using rule 32 (elemento -> ENTERO_HEXADECIMAL .)
    I               reduce using rule 32 (elemento -> ENTERO_HEXADECIMAL .)
    M               reduce using rule 32 (elemento -> ENTERO_HEXADECIMAL .)
    m               reduce using rule 32 (elemento -> ENTERO_HEXADECIMAL .)
    MI              reduce using rule 32 (elemento -> ENTERO_HEXADECIMAL .)
    mI              reduce using rule 32 (elemento -> ENTERO_HEXADECIMAL .)
    SUM             reduce using rule 32 (elemento -> ENTERO_HEXADECIMAL .)
    RES             reduce using rule 32 (elemento -> ENTERO_HEXADECIMAL .)
    AND             reduce using rule 32 (elemento -> ENTERO_HEXADECIMAL .)
    NEWLINE         reduce using rule 32 (elemento -> ENTERO_HEXADECIMAL .)
    OR              reduce using rule 32 (elemento -> ENTERO_HEXADECIMAL .)
    PS              reduce using rule 32 (elemento -> ENTERO_HEXADECIMAL .)


state 21

    (33) elemento -> REAL_DECIMAL .

    MUL             reduce using rule 33 (elemento -> REAL_DECIMAL .)
    DIV             reduce using rule 33 (elemento -> REAL_DECIMAL .)
    I               reduce using rule 33 (elemento -> REAL_DECIMAL .)
    M               reduce using rule 33 (elemento -> REAL_DECIMAL .)
    m               reduce using rule 33 (elemento -> REAL_DECIMAL .)
    MI              reduce using rule 33 (elemento -> REAL_DECIMAL .)
    mI              reduce using rule 33 (elemento -> REAL_DECIMAL .)
    SUM             reduce using rule 33 (elemento -> REAL_DECIMAL .)
    RES             reduce using rule 33 (elemento -> REAL_DECIMAL .)
    AND             reduce using rule 33 (elemento -> REAL_DECIMAL .)
    NEWLINE         reduce using rule 33 (elemento -> REAL_DECIMAL .)
    OR              reduce using rule 33 (elemento -> REAL_DECIMAL .)
    PS              reduce using rule 33 (elemento -> REAL_DECIMAL .)


state 22

    (34) elemento -> REAL_CIENTIFICO .

    MUL             reduce using rule 34 (elemento -> REAL_CIENTIFICO .)
    DIV             reduce using rule 34 (elemento -> REAL_CIENTIFICO .)
    I               reduce using rule 34 (elemento -> REAL_CIENTIFICO .)
    M               reduce using rule 34 (elemento -> REAL_CIENTIFICO .)
    m               reduce using rule 34 (elemento -> REAL_CIENTIFICO .)
    MI              reduce using rule 34 (elemento -> REAL_CIENTIFICO .)
    mI              reduce using rule 34 (elemento -> REAL_CIENTIFICO .)
    SUM             reduce using rule 34 (elemento -> REAL_CIENTIFICO .)
    RES             reduce using rule 34 (elemento -> REAL_CIENTIFICO .)
    AND             reduce using rule 34 (elemento -> REAL_CIENTIFICO .)
    NEWLINE         reduce using rule 34 (elemento -> REAL_CIENTIFICO .)
    OR              reduce using rule 34 (elemento -> REAL_CIENTIFICO .)
    PS              reduce using rule 34 (elemento -> REAL_CIENTIFICO .)


state 23

    (35) elemento -> booleano .

    MUL             reduce using rule 35 (elemento -> booleano .)
    DIV             reduce using rule 35 (elemento -> booleano .)
    I               reduce using rule 35 (elemento -> booleano .)
    M               reduce using rule 35 (elemento -> booleano .)
    m               reduce using rule 35 (elemento -> booleano .)
    MI              reduce using rule 35 (elemento -> booleano .)
    mI              reduce using rule 35 (elemento -> booleano .)
    SUM             reduce using rule 35 (elemento -> booleano .)
    RES             reduce using rule 35 (elemento -> booleano .)
    AND             reduce using rule 35 (elemento -> booleano .)
    NEWLINE         reduce using rule 35 (elemento -> booleano .)
    OR              reduce using rule 35 (elemento -> booleano .)
    PS              reduce using rule 35 (elemento -> booleano .)


state 24

    (36) elemento -> CARACTER .

    MUL             reduce using rule 36 (elemento -> CARACTER .)
    DIV             reduce using rule 36 (elemento -> CARACTER .)
    I               reduce using rule 36 (elemento -> CARACTER .)
    M               reduce using rule 36 (elemento -> CARACTER .)
    m               reduce using rule 36 (elemento -> CARACTER .)
    MI              reduce using rule 36 (elemento -> CARACTER .)
    mI              reduce using rule 36 (elemento -> CARACTER .)
    SUM             reduce using rule 36 (elemento -> CARACTER .)
    RES             reduce using rule 36 (elemento -> CARACTER .)
    AND             reduce using rule 36 (elemento -> CARACTER .)
    NEWLINE         reduce using rule 36 (elemento -> CARACTER .)
    OR              reduce using rule 36 (elemento -> CARACTER .)
    PS              reduce using rule 36 (elemento -> CARACTER .)


state 25

    (38) elemento -> PE . expresion PS
    (5) expresion -> . tipo ID EQ expresion
    (6) expresion -> . ID EQ expresion
    (11) expresion -> . expresion OR expresion_logica
    (12) expresion -> . expresion_logica
    (7) tipo -> . INT
    (8) tipo -> . FLOAT
    (9) tipo -> . BOOL
    (10) tipo -> . CHAR
    (13) expresion_logica -> . expresion_logica AND expresion_relacional
    (14) expresion_logica -> . expresion_relacional
    (15) expresion_relacional -> . termino_aritmetico I termino_aritmetico
    (16) expresion_relacional -> . termino_aritmetico M termino_aritmetico
    (17) expresion_relacional -> . termino_aritmetico m termino_aritmetico
    (18) expresion_relacional -> . termino_aritmetico MI termino_aritmetico
    (19) expresion_relacional -> . termino_aritmetico mI termino_aritmetico
    (20) expresion_relacional -> . termino_aritmetico
    (21) termino_aritmetico -> . termino_aritmetico SUM factor
    (22) termino_aritmetico -> . termino_aritmetico RES factor
    (23) termino_aritmetico -> . factor
    (24) factor -> . factor MUL elemento
    (25) factor -> . factor DIV elemento
    (26) factor -> . elemento
    (29) elemento -> . ENTERO_DECIMAL
    (30) elemento -> . ENTERO_BINARIO
    (31) elemento -> . ENTERO_OCTAL
    (32) elemento -> . ENTERO_HEXADECIMAL
    (33) elemento -> . REAL_DECIMAL
    (34) elemento -> . REAL_CIENTIFICO
    (35) elemento -> . booleano
    (36) elemento -> . CARACTER
    (37) elemento -> . ID
    (38) elemento -> . PE expresion PS
    (39) elemento -> . RES elemento
    (40) elemento -> . NOT elemento
    (41) elemento -> . SEN PE expresion PS
    (42) elemento -> . COS PE expresion PS
    (43) elemento -> . EXP PE expresion PS
    (44) elemento -> . LOG PE expresion PS
    (27) booleano -> . TRUE
    (28) booleano -> . FALSE

    ID              shift and go to state 6
    INT             shift and go to state 8
    FLOAT           shift and go to state 9
    BOOL            shift and go to state 10
    CHAR            shift and go to state 11
    ENTERO_DECIMAL  shift and go to state 17
    ENTERO_BINARIO  shift and go to state 18
    ENTERO_OCTAL    shift and go to state 19
    ENTERO_HEXADECIMAL shift and go to state 20
    REAL_DECIMAL    shift and go to state 21
    REAL_CIENTIFICO shift and go to state 22
    CARACTER        shift and go to state 24
    PE              shift and go to state 25
    RES             shift and go to state 15
    NOT             shift and go to state 26
    SEN             shift and go to state 27
    COS             shift and go to state 28
    EXP             shift and go to state 29
    LOG             shift and go to state 30
    TRUE            shift and go to state 31
    FALSE           shift and go to state 32

    expresion                      shift and go to state 50
    tipo                           shift and go to state 5
    expresion_logica               shift and go to state 7
    expresion_relacional           shift and go to state 12
    termino_aritmetico             shift and go to state 13
    factor                         shift and go to state 14
    elemento                       shift and go to state 16
    booleano                       shift and go to state 23

state 26

    (40) elemento -> NOT . elemento
    (29) elemento -> . ENTERO_DECIMAL
    (30) elemento -> . ENTERO_BINARIO
    (31) elemento -> . ENTERO_OCTAL
    (32) elemento -> . ENTERO_HEXADECIMAL
    (33) elemento -> . REAL_DECIMAL
    (34) elemento -> . REAL_CIENTIFICO
    (35) elemento -> . booleano
    (36) elemento -> . CARACTER
    (37) elemento -> . ID
    (38) elemento -> . PE expresion PS
    (39) elemento -> . RES elemento
    (40) elemento -> . NOT elemento
    (41) elemento -> . SEN PE expresion PS
    (42) elemento -> . COS PE expresion PS
    (43) elemento -> . EXP PE expresion PS
    (44) elemento -> . LOG PE expresion PS
    (27) booleano -> . TRUE
    (28) booleano -> . FALSE

    ENTERO_DECIMAL  shift and go to state 17
    ENTERO_BINARIO  shift and go to state 18
    ENTERO_OCTAL    shift and go to state 19
    ENTERO_HEXADECIMAL shift and go to state 20
    REAL_DECIMAL    shift and go to state 21
    REAL_CIENTIFICO shift and go to state 22
    CARACTER        shift and go to state 24
    ID              shift and go to state 49
    PE              shift and go to state 25
    RES             shift and go to state 15
    NOT             shift and go to state 26
    SEN             shift and go to state 27
    COS             shift and go to state 28
    EXP             shift and go to state 29
    LOG             shift and go to state 30
    TRUE            shift and go to state 31
    FALSE           shift and go to state 32

    elemento                       shift and go to state 51
    booleano                       shift and go to state 23

state 27

    (41) elemento -> SEN . PE expresion PS

    PE              shift and go to state 52


state 28

    (42) elemento -> COS . PE expresion PS

    PE              shift and go to state 53


state 29

    (43) elemento -> EXP . PE expresion PS

    PE              shift and go to state 54


state 30

    (44) elemento -> LOG . PE expresion PS

    PE              shift and go to state 55


state 31

    (27) booleano -> TRUE .

    MUL             reduce using rule 27 (booleano -> TRUE .)
    DIV             reduce using rule 27 (booleano -> TRUE .)
    I               reduce using rule 27 (booleano -> TRUE .)
    M               reduce using rule 27 (booleano -> TRUE .)
    m               reduce using rule 27 (booleano -> TRUE .)
    MI              reduce using rule 27 (booleano -> TRUE .)
    mI              reduce using rule 27 (booleano -> TRUE .)
    SUM             reduce using rule 27 (booleano -> TRUE .)
    RES             reduce using rule 27 (booleano -> TRUE .)
    AND             reduce using rule 27 (booleano -> TRUE .)
    NEWLINE         reduce using rule 27 (booleano -> TRUE .)
    OR              reduce using rule 27 (booleano -> TRUE .)
    PS              reduce using rule 27 (booleano -> TRUE .)


state 32

    (28) booleano -> FALSE .

    MUL             reduce using rule 28 (booleano -> FALSE .)
    DIV             reduce using rule 28 (booleano -> FALSE .)
    I               reduce using rule 28 (booleano -> FALSE .)
    M               reduce using rule 28 (booleano -> FALSE .)
    m               reduce using rule 28 (booleano -> FALSE .)
    MI              reduce using rule 28 (booleano -> FALSE .)
    mI              reduce using rule 28 (booleano -> FALSE .)
    SUM             reduce using rule 28 (booleano -> FALSE .)
    RES             reduce using rule 28 (booleano -> FALSE .)
    AND             reduce using rule 28 (booleano -> FALSE .)
    NEWLINE         reduce using rule 28 (booleano -> FALSE .)
    OR              reduce using rule 28 (booleano -> FALSE .)
    PS              reduce using rule 28 (booleano -> FALSE .)


state 33

    (1) programa -> linea programa .

    $end            reduce using rule 1 (programa -> linea programa .)


state 34

    (3) linea -> expresion NEWLINE .

    NEWLINE         reduce using rule 3 (linea -> expresion NEWLINE .)
    ID              reduce using rule 3 (linea -> expresion NEWLINE .)
    INT             reduce using rule 3 (linea -> expresion NEWLINE .)
    FLOAT           reduce using rule 3 (linea -> expresion NEWLINE .)
    BOOL            reduce using rule 3 (linea -> expresion NEWLINE .)
    CHAR            reduce using rule 3 (linea -> expresion NEWLINE .)
    ENTERO_DECIMAL  reduce using rule 3 (linea -> expresion NEWLINE .)
    ENTERO_BINARIO  reduce using rule 3 (linea -> expresion NEWLINE .)
    ENTERO_OCTAL    reduce using rule 3 (linea -> expresion NEWLINE .)
    ENTERO_HEXADECIMAL reduce using rule 3 (linea -> expresion NEWLINE .)
    REAL_DECIMAL    reduce using rule 3 (linea -> expresion NEWLINE .)
    REAL_CIENTIFICO reduce using rule 3 (linea -> expresion NEWLINE .)
    CARACTER        reduce using rule 3 (linea -> expresion NEWLINE .)
    PE              reduce using rule 3 (linea -> expresion NEWLINE .)
    RES             reduce using rule 3 (linea -> expresion NEWLINE .)
    NOT             reduce using rule 3 (linea -> expresion NEWLINE .)
    SEN             reduce using rule 3 (linea -> expresion NEWLINE .)
    COS             reduce using rule 3 (linea -> expresion NEWLINE .)
    EXP             reduce using rule 3 (linea -> expresion NEWLINE .)
    LOG             reduce using rule 3 (linea -> expresion NEWLINE .)
    TRUE            reduce using rule 3 (linea -> expresion NEWLINE .)
    FALSE           reduce using rule 3 (linea -> expresion NEWLINE .)
    $end            reduce using rule 3 (linea -> expresion NEWLINE .)


state 35

    (11) expresion -> expresion OR . expresion_logica
    (13) expresion_logica -> . expresion_logica AND expresion_relacional
    (14) expresion_logica -> . expresion_relacional
    (15) expresion_relacional -> . termino_aritmetico I termino_aritmetico
    (16) expresion_relacional -> . termino_aritmetico M termino_aritmetico
    (17) expresion_relacional -> . termino_aritmetico m termino_aritmetico
    (18) expresion_relacional -> . termino_aritmetico MI termino_aritmetico
    (19) expresion_relacional -> . termino_aritmetico mI termino_aritmetico
    (20) expresion_relacional -> . termino_aritmetico
    (21) termino_aritmetico -> . termino_aritmetico SUM factor
    (22) termino_aritmetico -> . termino_aritmetico RES factor
    (23) termino_aritmetico -> . factor
    (24) factor -> . factor MUL elemento
    (25) factor -> . factor DIV elemento
    (26) factor -> . elemento
    (29) elemento -> . ENTERO_DECIMAL
    (30) elemento -> . ENTERO_BINARIO
    (31) elemento -> . ENTERO_OCTAL
    (32) elemento -> . ENTERO_HEXADECIMAL
    (33) elemento -> . REAL_DECIMAL
    (34) elemento -> . REAL_CIENTIFICO
    (35) elemento -> . booleano
    (36) elemento -> . CARACTER
    (37) elemento -> . ID
    (38) elemento -> . PE expresion PS
    (39) elemento -> . RES elemento
    (40) elemento -> . NOT elemento
    (41) elemento -> . SEN PE expresion PS
    (42) elemento -> . COS PE expresion PS
    (43) elemento -> . EXP PE expresion PS
    (44) elemento -> . LOG PE expresion PS
    (27) booleano -> . TRUE
    (28) booleano -> . FALSE

    ENTERO_DECIMAL  shift and go to state 17
    ENTERO_BINARIO  shift and go to state 18
    ENTERO_OCTAL    shift and go to state 19
    ENTERO_HEXADECIMAL shift and go to state 20
    REAL_DECIMAL    shift and go to state 21
    REAL_CIENTIFICO shift and go to state 22
    CARACTER        shift and go to state 24
    ID              shift and go to state 49
    PE              shift and go to state 25
    RES             shift and go to state 15
    NOT             shift and go to state 26
    SEN             shift and go to state 27
    COS             shift and go to state 28
    EXP             shift and go to state 29
    LOG             shift and go to state 30
    TRUE            shift and go to state 31
    FALSE           shift and go to state 32

    expresion_logica               shift and go to state 56
    expresion_relacional           shift and go to state 12
    termino_aritmetico             shift and go to state 13
    factor                         shift and go to state 14
    elemento                       shift and go to state 16
    booleano                       shift and go to state 23

state 36

    (5) expresion -> tipo ID . EQ expresion

    EQ              shift and go to state 57


state 37

    (6) expresion -> ID EQ . expresion
    (5) expresion -> . tipo ID EQ expresion
    (6) expresion -> . ID EQ expresion
    (11) expresion -> . expresion OR expresion_logica
    (12) expresion -> . expresion_logica
    (7) tipo -> . INT
    (8) tipo -> . FLOAT
    (9) tipo -> . BOOL
    (10) tipo -> . CHAR
    (13) expresion_logica -> . expresion_logica AND expresion_relacional
    (14) expresion_logica -> . expresion_relacional
    (15) expresion_relacional -> . termino_aritmetico I termino_aritmetico
    (16) expresion_relacional -> . termino_aritmetico M termino_aritmetico
    (17) expresion_relacional -> . termino_aritmetico m termino_aritmetico
    (18) expresion_relacional -> . termino_aritmetico MI termino_aritmetico
    (19) expresion_relacional -> . termino_aritmetico mI termino_aritmetico
    (20) expresion_relacional -> . termino_aritmetico
    (21) termino_aritmetico -> . termino_aritmetico SUM factor
    (22) termino_aritmetico -> . termino_aritmetico RES factor
    (23) termino_aritmetico -> . factor
    (24) factor -> . factor MUL elemento
    (25) factor -> . factor DIV elemento
    (26) factor -> . elemento
    (29) elemento -> . ENTERO_DECIMAL
    (30) elemento -> . ENTERO_BINARIO
    (31) elemento -> . ENTERO_OCTAL
    (32) elemento -> . ENTERO_HEXADECIMAL
    (33) elemento -> . REAL_DECIMAL
    (34) elemento -> . REAL_CIENTIFICO
    (35) elemento -> . booleano
    (36) elemento -> . CARACTER
    (37) elemento -> . ID
    (38) elemento -> . PE expresion PS
    (39) elemento -> . RES elemento
    (40) elemento -> . NOT elemento
    (41) elemento -> . SEN PE expresion PS
    (42) elemento -> . COS PE expresion PS
    (43) elemento -> . EXP PE expresion PS
    (44) elemento -> . LOG PE expresion PS
    (27) booleano -> . TRUE
    (28) booleano -> . FALSE

    ID              shift and go to state 6
    INT             shift and go to state 8
    FLOAT           shift and go to state 9
    BOOL            shift and go to state 10
    CHAR            shift and go to state 11
    ENTERO_DECIMAL  shift and go to state 17
    ENTERO_BINARIO  shift and go to state 18
    ENTERO_OCTAL    shift and go to state 19
    ENTERO_HEXADECIMAL shift and go to state 20
    REAL_DECIMAL    shift and go to state 21
    REAL_CIENTIFICO shift and go to state 22
    CARACTER        shift and go to state 24
    PE              shift and go to state 25
    RES             shift and go to state 15
    NOT             shift and go to state 26
    SEN             shift and go to state 27
    COS             shift and go to state 28
    EXP             shift and go to state 29
    LOG             shift and go to state 30
    TRUE            shift and go to state 31
    FALSE           shift and go to state 32

    expresion                      shift and go to state 58
    tipo                           shift and go to state 5
    expresion_logica               shift and go to state 7
    expresion_relacional           shift and go to state 12
    termino_aritmetico             shift and go to state 13
    factor                         shift and go to state 14
    elemento                       shift and go to state 16
    booleano                       shift and go to state 23

state 38

    (13) expresion_logica -> expresion_logica AND . expresion_relacional
    (15) expresion_relacional -> . termino_aritmetico I termino_aritmetico
    (16) expresion_relacional -> . termino_aritmetico M termino_aritmetico
    (17) expresion_relacional -> . termino_aritmetico m termino_aritmetico
    (18) expresion_relacional -> . termino_aritmetico MI termino_aritmetico
    (19) expresion_relacional -> . termino_aritmetico mI termino_aritmetico
    (20) expresion_relacional -> . termino_aritmetico
    (21) termino_aritmetico -> . termino_aritmetico SUM factor
    (22) termino_aritmetico -> . termino_aritmetico RES factor
    (23) termino_aritmetico -> . factor
    (24) factor -> . factor MUL elemento
    (25) factor -> . factor DIV elemento
    (26) factor -> . elemento
    (29) elemento -> . ENTERO_DECIMAL
    (30) elemento -> . ENTERO_BINARIO
    (31) elemento -> . ENTERO_OCTAL
    (32) elemento -> . ENTERO_HEXADECIMAL
    (33) elemento -> . REAL_DECIMAL
    (34) elemento -> . REAL_CIENTIFICO
    (35) elemento -> . booleano
    (36) elemento -> . CARACTER
    (37) elemento -> . ID
    (38) elemento -> . PE expresion PS
    (39) elemento -> . RES elemento
    (40) elemento -> . NOT elemento
    (41) elemento -> . SEN PE expresion PS
    (42) elemento -> . COS PE expresion PS
    (43) elemento -> . EXP PE expresion PS
    (44) elemento -> . LOG PE expresion PS
    (27) booleano -> . TRUE
    (28) booleano -> . FALSE

    ENTERO_DECIMAL  shift and go to state 17
    ENTERO_BINARIO  shift and go to state 18
    ENTERO_OCTAL    shift and go to state 19
    ENTERO_HEXADECIMAL shift and go to state 20
    REAL_DECIMAL    shift and go to state 21
    REAL_CIENTIFICO shift and go to state 22
    CARACTER        shift and go to state 24
    ID              shift and go to state 49
    PE              shift and go to state 25
    RES             shift and go to state 15
    NOT             shift and go to state 26
    SEN             shift and go to state 27
    COS             shift and go to state 28
    EXP             shift and go to state 29
    LOG             shift and go to state 30
    TRUE            shift and go to state 31
    FALSE           shift and go to state 32

    expresion_relacional           shift and go to state 59
    termino_aritmetico             shift and go to state 13
    factor                         shift and go to state 14
    elemento                       shift and go to state 16
    booleano                       shift and go to state 23

state 39

    (15) expresion_relacional -> termino_aritmetico I . termino_aritmetico
    (21) termino_aritmetico -> . termino_aritmetico SUM factor
    (22) termino_aritmetico -> . termino_aritmetico RES factor
    (23) termino_aritmetico -> . factor
    (24) factor -> . factor MUL elemento
    (25) factor -> . factor DIV elemento
    (26) factor -> . elemento
    (29) elemento -> . ENTERO_DECIMAL
    (30) elemento -> . ENTERO_BINARIO
    (31) elemento -> . ENTERO_OCTAL
    (32) elemento -> . ENTERO_HEXADECIMAL
    (33) elemento -> . REAL_DECIMAL
    (34) elemento -> . REAL_CIENTIFICO
    (35) elemento -> . booleano
    (36) elemento -> . CARACTER
    (37) elemento -> . ID
    (38) elemento -> . PE expresion PS
    (39) elemento -> . RES elemento
    (40) elemento -> . NOT elemento
    (41) elemento -> . SEN PE expresion PS
    (42) elemento -> . COS PE expresion PS
    (43) elemento -> . EXP PE expresion PS
    (44) elemento -> . LOG PE expresion PS
    (27) booleano -> . TRUE
    (28) booleano -> . FALSE

    ENTERO_DECIMAL  shift and go to state 17
    ENTERO_BINARIO  shift and go to state 18
    ENTERO_OCTAL    shift and go to state 19
    ENTERO_HEXADECIMAL shift and go to state 20
    REAL_DECIMAL    shift and go to state 21
    REAL_CIENTIFICO shift and go to state 22
    CARACTER        shift and go to state 24
    ID              shift and go to state 49
    PE              shift and go to state 25
    RES             shift and go to state 15
    NOT             shift and go to state 26
    SEN             shift and go to state 27
    COS             shift and go to state 28
    EXP             shift and go to state 29
    LOG             shift and go to state 30
    TRUE            shift and go to state 31
    FALSE           shift and go to state 32

    termino_aritmetico             shift and go to state 60
    factor                         shift and go to state 14
    elemento                       shift and go to state 16
    booleano                       shift and go to state 23

state 40

    (16) expresion_relacional -> termino_aritmetico M . termino_aritmetico
    (21) termino_aritmetico -> . termino_aritmetico SUM factor
    (22) termino_aritmetico -> . termino_aritmetico RES factor
    (23) termino_aritmetico -> . factor
    (24) factor -> . factor MUL elemento
    (25) factor -> . factor DIV elemento
    (26) factor -> . elemento
    (29) elemento -> . ENTERO_DECIMAL
    (30) elemento -> . ENTERO_BINARIO
    (31) elemento -> . ENTERO_OCTAL
    (32) elemento -> . ENTERO_HEXADECIMAL
    (33) elemento -> . REAL_DECIMAL
    (34) elemento -> . REAL_CIENTIFICO
    (35) elemento -> . booleano
    (36) elemento -> . CARACTER
    (37) elemento -> . ID
    (38) elemento -> . PE expresion PS
    (39) elemento -> . RES elemento
    (40) elemento -> . NOT elemento
    (41) elemento -> . SEN PE expresion PS
    (42) elemento -> . COS PE expresion PS
    (43) elemento -> . EXP PE expresion PS
    (44) elemento -> . LOG PE expresion PS
    (27) booleano -> . TRUE
    (28) booleano -> . FALSE

    ENTERO_DECIMAL  shift and go to state 17
    ENTERO_BINARIO  shift and go to state 18
    ENTERO_OCTAL    shift and go to state 19
    ENTERO_HEXADECIMAL shift and go to state 20
    REAL_DECIMAL    shift and go to state 21
    REAL_CIENTIFICO shift and go to state 22
    CARACTER        shift and go to state 24
    ID              shift and go to state 49
    PE              shift and go to state 25
    RES             shift and go to state 15
    NOT             shift and go to state 26
    SEN             shift and go to state 27
    COS             shift and go to state 28
    EXP             shift and go to state 29
    LOG             shift and go to state 30
    TRUE            shift and go to state 31
    FALSE           shift and go to state 32

    termino_aritmetico             shift and go to state 61
    factor                         shift and go to state 14
    elemento                       shift and go to state 16
    booleano                       shift and go to state 23

state 41

    (17) expresion_relacional -> termino_aritmetico m . termino_aritmetico
    (21) termino_aritmetico -> . termino_aritmetico SUM factor
    (22) termino_aritmetico -> . termino_aritmetico RES factor
    (23) termino_aritmetico -> . factor
    (24) factor -> . factor MUL elemento
    (25) factor -> . factor DIV elemento
    (26) factor -> . elemento
    (29) elemento -> . ENTERO_DECIMAL
    (30) elemento -> . ENTERO_BINARIO
    (31) elemento -> . ENTERO_OCTAL
    (32) elemento -> . ENTERO_HEXADECIMAL
    (33) elemento -> . REAL_DECIMAL
    (34) elemento -> . REAL_CIENTIFICO
    (35) elemento -> . booleano
    (36) elemento -> . CARACTER
    (37) elemento -> . ID
    (38) elemento -> . PE expresion PS
    (39) elemento -> . RES elemento
    (40) elemento -> . NOT elemento
    (41) elemento -> . SEN PE expresion PS
    (42) elemento -> . COS PE expresion PS
    (43) elemento -> . EXP PE expresion PS
    (44) elemento -> . LOG PE expresion PS
    (27) booleano -> . TRUE
    (28) booleano -> . FALSE

    ENTERO_DECIMAL  shift and go to state 17
    ENTERO_BINARIO  shift and go to state 18
    ENTERO_OCTAL    shift and go to state 19
    ENTERO_HEXADECIMAL shift and go to state 20
    REAL_DECIMAL    shift and go to state 21
    REAL_CIENTIFICO shift and go to state 22
    CARACTER        shift and go to state 24
    ID              shift and go to state 49
    PE              shift and go to state 25
    RES             shift and go to state 15
    NOT             shift and go to state 26
    SEN             shift and go to state 27
    COS             shift and go to state 28
    EXP             shift and go to state 29
    LOG             shift and go to state 30
    TRUE            shift and go to state 31
    FALSE           shift and go to state 32

    termino_aritmetico             shift and go to state 62
    factor                         shift and go to state 14
    elemento                       shift and go to state 16
    booleano                       shift and go to state 23

state 42

    (18) expresion_relacional -> termino_aritmetico MI . termino_aritmetico
    (21) termino_aritmetico -> . termino_aritmetico SUM factor
    (22) termino_aritmetico -> . termino_aritmetico RES factor
    (23) termino_aritmetico -> . factor
    (24) factor -> . factor MUL elemento
    (25) factor -> . factor DIV elemento
    (26) factor -> . elemento
    (29) elemento -> . ENTERO_DECIMAL
    (30) elemento -> . ENTERO_BINARIO
    (31) elemento -> . ENTERO_OCTAL
    (32) elemento -> . ENTERO_HEXADECIMAL
    (33) elemento -> . REAL_DECIMAL
    (34) elemento -> . REAL_CIENTIFICO
    (35) elemento -> . booleano
    (36) elemento -> . CARACTER
    (37) elemento -> . ID
    (38) elemento -> . PE expresion PS
    (39) elemento -> . RES elemento
    (40) elemento -> . NOT elemento
    (41) elemento -> . SEN PE expresion PS
    (42) elemento -> . COS PE expresion PS
    (43) elemento -> . EXP PE expresion PS
    (44) elemento -> . LOG PE expresion PS
    (27) booleano -> . TRUE
    (28) booleano -> . FALSE

    ENTERO_DECIMAL  shift and go to state 17
    ENTERO_BINARIO  shift and go to state 18
    ENTERO_OCTAL    shift and go to state 19
    ENTERO_HEXADECIMAL shift and go to state 20
    REAL_DECIMAL    shift and go to state 21
    REAL_CIENTIFICO shift and go to state 22
    CARACTER        shift and go to state 24
    ID              shift and go to state 49
    PE              shift and go to state 25
    RES             shift and go to state 15
    NOT             shift and go to state 26
    SEN             shift and go to state 27
    COS             shift and go to state 28
    EXP             shift and go to state 29
    LOG             shift and go to state 30
    TRUE            shift and go to state 31
    FALSE           shift and go to state 32

    termino_aritmetico             shift and go to state 63
    factor                         shift and go to state 14
    elemento                       shift and go to state 16
    booleano                       shift and go to state 23

state 43

    (19) expresion_relacional -> termino_aritmetico mI . termino_aritmetico
    (21) termino_aritmetico -> . termino_aritmetico SUM factor
    (22) termino_aritmetico -> . termino_aritmetico RES factor
    (23) termino_aritmetico -> . factor
    (24) factor -> . factor MUL elemento
    (25) factor -> . factor DIV elemento
    (26) factor -> . elemento
    (29) elemento -> . ENTERO_DECIMAL
    (30) elemento -> . ENTERO_BINARIO
    (31) elemento -> . ENTERO_OCTAL
    (32) elemento -> . ENTERO_HEXADECIMAL
    (33) elemento -> . REAL_DECIMAL
    (34) elemento -> . REAL_CIENTIFICO
    (35) elemento -> . booleano
    (36) elemento -> . CARACTER
    (37) elemento -> . ID
    (38) elemento -> . PE expresion PS
    (39) elemento -> . RES elemento
    (40) elemento -> . NOT elemento
    (41) elemento -> . SEN PE expresion PS
    (42) elemento -> . COS PE expresion PS
    (43) elemento -> . EXP PE expresion PS
    (44) elemento -> . LOG PE expresion PS
    (27) booleano -> . TRUE
    (28) booleano -> . FALSE

    ENTERO_DECIMAL  shift and go to state 17
    ENTERO_BINARIO  shift and go to state 18
    ENTERO_OCTAL    shift and go to state 19
    ENTERO_HEXADECIMAL shift and go to state 20
    REAL_DECIMAL    shift and go to state 21
    REAL_CIENTIFICO shift and go to state 22
    CARACTER        shift and go to state 24
    ID              shift and go to state 49
    PE              shift and go to state 25
    RES             shift and go to state 15
    NOT             shift and go to state 26
    SEN             shift and go to state 27
    COS             shift and go to state 28
    EXP             shift and go to state 29
    LOG             shift and go to state 30
    TRUE            shift and go to state 31
    FALSE           shift and go to state 32

    termino_aritmetico             shift and go to state 64
    factor                         shift and go to state 14
    elemento                       shift and go to state 16
    booleano                       shift and go to state 23

state 44

    (21) termino_aritmetico -> termino_aritmetico SUM . factor
    (24) factor -> . factor MUL elemento
    (25) factor -> . factor DIV elemento
    (26) factor -> . elemento
    (29) elemento -> . ENTERO_DECIMAL
    (30) elemento -> . ENTERO_BINARIO
    (31) elemento -> . ENTERO_OCTAL
    (32) elemento -> . ENTERO_HEXADECIMAL
    (33) elemento -> . REAL_DECIMAL
    (34) elemento -> . REAL_CIENTIFICO
    (35) elemento -> . booleano
    (36) elemento -> . CARACTER
    (37) elemento -> . ID
    (38) elemento -> . PE expresion PS
    (39) elemento -> . RES elemento
    (40) elemento -> . NOT elemento
    (41) elemento -> . SEN PE expresion PS
    (42) elemento -> . COS PE expresion PS
    (43) elemento -> . EXP PE expresion PS
    (44) elemento -> . LOG PE expresion PS
    (27) booleano -> . TRUE
    (28) booleano -> . FALSE

    ENTERO_DECIMAL  shift and go to state 17
    ENTERO_BINARIO  shift and go to state 18
    ENTERO_OCTAL    shift and go to state 19
    ENTERO_HEXADECIMAL shift and go to state 20
    REAL_DECIMAL    shift and go to state 21
    REAL_CIENTIFICO shift and go to state 22
    CARACTER        shift and go to state 24
    ID              shift and go to state 49
    PE              shift and go to state 25
    RES             shift and go to state 15
    NOT             shift and go to state 26
    SEN             shift and go to state 27
    COS             shift and go to state 28
    EXP             shift and go to state 29
    LOG             shift and go to state 30
    TRUE            shift and go to state 31
    FALSE           shift and go to state 32

    factor                         shift and go to state 65
    elemento                       shift and go to state 16
    booleano                       shift and go to state 23

state 45

    (22) termino_aritmetico -> termino_aritmetico RES . factor
    (24) factor -> . factor MUL elemento
    (25) factor -> . factor DIV elemento
    (26) factor -> . elemento
    (29) elemento -> . ENTERO_DECIMAL
    (30) elemento -> . ENTERO_BINARIO
    (31) elemento -> . ENTERO_OCTAL
    (32) elemento -> . ENTERO_HEXADECIMAL
    (33) elemento -> . REAL_DECIMAL
    (34) elemento -> . REAL_CIENTIFICO
    (35) elemento -> . booleano
    (36) elemento -> . CARACTER
    (37) elemento -> . ID
    (38) elemento -> . PE expresion PS
    (39) elemento -> . RES elemento
    (40) elemento -> . NOT elemento
    (41) elemento -> . SEN PE expresion PS
    (42) elemento -> . COS PE expresion PS
    (43) elemento -> . EXP PE expresion PS
    (44) elemento -> . LOG PE expresion PS
    (27) booleano -> . TRUE
    (28) booleano -> . FALSE

    ENTERO_DECIMAL  shift and go to state 17
    ENTERO_BINARIO  shift and go to state 18
    ENTERO_OCTAL    shift and go to state 19
    ENTERO_HEXADECIMAL shift and go to state 20
    REAL_DECIMAL    shift and go to state 21
    REAL_CIENTIFICO shift and go to state 22
    CARACTER        shift and go to state 24
    ID              shift and go to state 49
    PE              shift and go to state 25
    RES             shift and go to state 15
    NOT             shift and go to state 26
    SEN             shift and go to state 27
    COS             shift and go to state 28
    EXP             shift and go to state 29
    LOG             shift and go to state 30
    TRUE            shift and go to state 31
    FALSE           shift and go to state 32

    factor                         shift and go to state 66
    elemento                       shift and go to state 16
    booleano                       shift and go to state 23

state 46

    (24) factor -> factor MUL . elemento
    (29) elemento -> . ENTERO_DECIMAL
    (30) elemento -> . ENTERO_BINARIO
    (31) elemento -> . ENTERO_OCTAL
    (32) elemento -> . ENTERO_HEXADECIMAL
    (33) elemento -> . REAL_DECIMAL
    (34) elemento -> . REAL_CIENTIFICO
    (35) elemento -> . booleano
    (36) elemento -> . CARACTER
    (37) elemento -> . ID
    (38) elemento -> . PE expresion PS
    (39) elemento -> . RES elemento
    (40) elemento -> . NOT elemento
    (41) elemento -> . SEN PE expresion PS
    (42) elemento -> . COS PE expresion PS
    (43) elemento -> . EXP PE expresion PS
    (44) elemento -> . LOG PE expresion PS
    (27) booleano -> . TRUE
    (28) booleano -> . FALSE

    ENTERO_DECIMAL  shift and go to state 17
    ENTERO_BINARIO  shift and go to state 18
    ENTERO_OCTAL    shift and go to state 19
    ENTERO_HEXADECIMAL shift and go to state 20
    REAL_DECIMAL    shift and go to state 21
    REAL_CIENTIFICO shift and go to state 22
    CARACTER        shift and go to state 24
    ID              shift and go to state 49
    PE              shift and go to state 25
    RES             shift and go to state 15
    NOT             shift and go to state 26
    SEN             shift and go to state 27
    COS             shift and go to state 28
    EXP             shift and go to state 29
    LOG             shift and go to state 30
    TRUE            shift and go to state 31
    FALSE           shift and go to state 32

    elemento                       shift and go to state 67
    booleano                       shift and go to state 23

state 47

    (25) factor -> factor DIV . elemento
    (29) elemento -> . ENTERO_DECIMAL
    (30) elemento -> . ENTERO_BINARIO
    (31) elemento -> . ENTERO_OCTAL
    (32) elemento -> . ENTERO_HEXADECIMAL
    (33) elemento -> . REAL_DECIMAL
    (34) elemento -> . REAL_CIENTIFICO
    (35) elemento -> . booleano
    (36) elemento -> . CARACTER
    (37) elemento -> . ID
    (38) elemento -> . PE expresion PS
    (39) elemento -> . RES elemento
    (40) elemento -> . NOT elemento
    (41) elemento -> . SEN PE expresion PS
    (42) elemento -> . COS PE expresion PS
    (43) elemento -> . EXP PE expresion PS
    (44) elemento -> . LOG PE expresion PS
    (27) booleano -> . TRUE
    (28) booleano -> . FALSE

    ENTERO_DECIMAL  shift and go to state 17
    ENTERO_BINARIO  shift and go to state 18
    ENTERO_OCTAL    shift and go to state 19
    ENTERO_HEXADECIMAL shift and go to state 20
    REAL_DECIMAL    shift and go to state 21
    REAL_CIENTIFICO shift and go to state 22
    CARACTER        shift and go to state 24
    ID              shift and go to state 49
    PE              shift and go to state 25
    RES             shift and go to state 15
    NOT             shift and go to state 26
    SEN             shift and go to state 27
    COS             shift and go to state 28
    EXP             shift and go to state 29
    LOG             shift and go to state 30
    TRUE            shift and go to state 31
    FALSE           shift and go to state 32

    elemento                       shift and go to state 68
    booleano                       shift and go to state 23

state 48

    (39) elemento -> RES elemento .

    MUL             reduce using rule 39 (elemento -> RES elemento .)
    DIV             reduce using rule 39 (elemento -> RES elemento .)
    I               reduce using rule 39 (elemento -> RES elemento .)
    M               reduce using rule 39 (elemento -> RES elemento .)
    m               reduce using rule 39 (elemento -> RES elemento .)
    MI              reduce using rule 39 (elemento -> RES elemento .)
    mI              reduce using rule 39 (elemento -> RES elemento .)
    SUM             reduce using rule 39 (elemento -> RES elemento .)
    RES             reduce using rule 39 (elemento -> RES elemento .)
    AND             reduce using rule 39 (elemento -> RES elemento .)
    NEWLINE         reduce using rule 39 (elemento -> RES elemento .)
    OR              reduce using rule 39 (elemento -> RES elemento .)
    PS              reduce using rule 39 (elemento -> RES elemento .)


state 49

    (37) elemento -> ID .

    MUL             reduce using rule 37 (elemento -> ID .)
    DIV             reduce using rule 37 (elemento -> ID .)
    I               reduce using rule 37 (elemento -> ID .)
    M               reduce using rule 37 (elemento -> ID .)
    m               reduce using rule 37 (elemento -> ID .)
    MI              reduce using rule 37 (elemento -> ID .)
    mI              reduce using rule 37 (elemento -> ID .)
    SUM             reduce using rule 37 (elemento -> ID .)
    RES             reduce using rule 37 (elemento -> ID .)
    AND             reduce using rule 37 (elemento -> ID .)
    NEWLINE         reduce using rule 37 (elemento -> ID .)
    OR              reduce using rule 37 (elemento -> ID .)
    PS              reduce using rule 37 (elemento -> ID .)


state 50

    (38) elemento -> PE expresion . PS
    (11) expresion -> expresion . OR expresion_logica

    PS              shift and go to state 69
    OR              shift and go to state 35


state 51

    (40) elemento -> NOT elemento .

    MUL             reduce using rule 40 (elemento -> NOT elemento .)
    DIV             reduce using rule 40 (elemento -> NOT elemento .)
    I               reduce using rule 40 (elemento -> NOT elemento .)
    M               reduce using rule 40 (elemento -> NOT elemento .)
    m               reduce using rule 40 (elemento -> NOT elemento .)
    MI              reduce using rule 40 (elemento -> NOT elemento .)
    mI              reduce using rule 40 (elemento -> NOT elemento .)
    SUM             reduce using rule 40 (elemento -> NOT elemento .)
    RES             reduce using rule 40 (elemento -> NOT elemento .)
    AND             reduce using rule 40 (elemento -> NOT elemento .)
    NEWLINE         reduce using rule 40 (elemento -> NOT elemento .)
    OR              reduce using rule 40 (elemento -> NOT elemento .)
    PS              reduce using rule 40 (elemento -> NOT elemento .)


state 52

    (41) elemento -> SEN PE . expresion PS
    (5) expresion -> . tipo ID EQ expresion
    (6) expresion -> . ID EQ expresion
    (11) expresion -> . expresion OR expresion_logica
    (12) expresion -> . expresion_logica
    (7) tipo -> . INT
    (8) tipo -> . FLOAT
    (9) tipo -> . BOOL
    (10) tipo -> . CHAR
    (13) expresion_logica -> . expresion_logica AND expresion_relacional
    (14) expresion_logica -> . expresion_relacional
    (15) expresion_relacional -> . termino_aritmetico I termino_aritmetico
    (16) expresion_relacional -> . termino_aritmetico M termino_aritmetico
    (17) expresion_relacional -> . termino_aritmetico m termino_aritmetico
    (18) expresion_relacional -> . termino_aritmetico MI termino_aritmetico
    (19) expresion_relacional -> . termino_aritmetico mI termino_aritmetico
    (20) expresion_relacional -> . termino_aritmetico
    (21) termino_aritmetico -> . termino_aritmetico SUM factor
    (22) termino_aritmetico -> . termino_aritmetico RES factor
    (23) termino_aritmetico -> . factor
    (24) factor -> . factor MUL elemento
    (25) factor -> . factor DIV elemento
    (26) factor -> . elemento
    (29) elemento -> . ENTERO_DECIMAL
    (30) elemento -> . ENTERO_BINARIO
    (31) elemento -> . ENTERO_OCTAL
    (32) elemento -> . ENTERO_HEXADECIMAL
    (33) elemento -> . REAL_DECIMAL
    (34) elemento -> . REAL_CIENTIFICO
    (35) elemento -> . booleano
    (36) elemento -> . CARACTER
    (37) elemento -> . ID
    (38) elemento -> . PE expresion PS
    (39) elemento -> . RES elemento
    (40) elemento -> . NOT elemento
    (41) elemento -> . SEN PE expresion PS
    (42) elemento -> . COS PE expresion PS
    (43) elemento -> . EXP PE expresion PS
    (44) elemento -> . LOG PE expresion PS
    (27) booleano -> . TRUE
    (28) booleano -> . FALSE

    ID              shift and go to state 6
    INT             shift and go to state 8
    FLOAT           shift and go to state 9
    BOOL            shift and go to state 10
    CHAR            shift and go to state 11
    ENTERO_DECIMAL  shift and go to state 17
    ENTERO_BINARIO  shift and go to state 18
    ENTERO_OCTAL    shift and go to state 19
    ENTERO_HEXADECIMAL shift and go to state 20
    REAL_DECIMAL    shift and go to state 21
    REAL_CIENTIFICO shift and go to state 22
    CARACTER        shift and go to state 24
    PE              shift and go to state 25
    RES             shift and go to state 15
    NOT             shift and go to state 26
    SEN             shift and go to state 27
    COS             shift and go to state 28
    EXP             shift and go to state 29
    LOG             shift and go to state 30
    TRUE            shift and go to state 31
    FALSE           shift and go to state 32

    expresion                      shift and go to state 70
    tipo                           shift and go to state 5
    expresion_logica               shift and go to state 7
    expresion_relacional           shift and go to state 12
    termino_aritmetico             shift and go to state 13
    factor                         shift and go to state 14
    elemento                       shift and go to state 16
    booleano                       shift and go to state 23

state 53

    (42) elemento -> COS PE . expresion PS
    (5) expresion -> . tipo ID EQ expresion
    (6) expresion -> . ID EQ expresion
    (11) expresion -> . expresion OR expresion_logica
    (12) expresion -> . expresion_logica
    (7) tipo -> . INT
    (8) tipo -> . FLOAT
    (9) tipo -> . BOOL
    (10) tipo -> . CHAR
    (13) expresion_logica -> . expresion_logica AND expresion_relacional
    (14) expresion_logica -> . expresion_relacional
    (15) expresion_relacional -> . termino_aritmetico I termino_aritmetico
    (16) expresion_relacional -> . termino_aritmetico M termino_aritmetico
    (17) expresion_relacional -> . termino_aritmetico m termino_aritmetico
    (18) expresion_relacional -> . termino_aritmetico MI termino_aritmetico
    (19) expresion_relacional -> . termino_aritmetico mI termino_aritmetico
    (20) expresion_relacional -> . termino_aritmetico
    (21) termino_aritmetico -> . termino_aritmetico SUM factor
    (22) termino_aritmetico -> . termino_aritmetico RES factor
    (23) termino_aritmetico -> . factor
    (24) factor -> . factor MUL elemento
    (25) factor -> . factor DIV elemento
    (26) factor -> . elemento
    (29) elemento -> . ENTERO_DECIMAL
    (30) elemento -> . ENTERO_BINARIO
    (31) elemento -> . ENTERO_OCTAL
    (32) elemento -> . ENTERO_HEXADECIMAL
    (33) elemento -> . REAL_DECIMAL
    (34) elemento -> . REAL_CIENTIFICO
    (35) elemento -> . booleano
    (36) elemento -> . CARACTER
    (37) elemento -> . ID
    (38) elemento -> . PE expresion PS
    (39) elemento -> . RES elemento
    (40) elemento -> . NOT elemento
    (41) elemento -> . SEN PE expresion PS
    (42) elemento -> . COS PE expresion PS
    (43) elemento -> . EXP PE expresion PS
    (44) elemento -> . LOG PE expresion PS
    (27) booleano -> . TRUE
    (28) booleano -> . FALSE

    ID              shift and go to state 6
    INT             shift and go to state 8
    FLOAT           shift and go to state 9
    BOOL            shift and go to state 10
    CHAR            shift and go to state 11
    ENTERO_DECIMAL  shift and go to state 17
    ENTERO_BINARIO  shift and go to state 18
    ENTERO_OCTAL    shift and go to state 19
    ENTERO_HEXADECIMAL shift and go to state 20
    REAL_DECIMAL    shift and go to state 21
    REAL_CIENTIFICO shift and go to state 22
    CARACTER        shift and go to state 24
    PE              shift and go to state 25
    RES             shift and go to state 15
    NOT             shift and go to state 26
    SEN             shift and go to state 27
    COS             shift and go to state 28
    EXP             shift and go to state 29
    LOG             shift and go to state 30
    TRUE            shift and go to state 31
    FALSE           shift and go to state 32

    expresion                      shift and go to state 71
    tipo                           shift and go to state 5
    expresion_logica               shift and go to state 7
    expresion_relacional           shift and go to state 12
    termino_aritmetico             shift and go to state 13
    factor                         shift and go to state 14
    elemento                       shift and go to state 16
    booleano                       shift and go to state 23

state 54

    (43) elemento -> EXP PE . expresion PS
    (5) expresion -> . tipo ID EQ expresion
    (6) expresion -> . ID EQ expresion
    (11) expresion -> . expresion OR expresion_logica
    (12) expresion -> . expresion_logica
    (7) tipo -> . INT
    (8) tipo -> . FLOAT
    (9) tipo -> . BOOL
    (10) tipo -> . CHAR
    (13) expresion_logica -> . expresion_logica AND expresion_relacional
    (14) expresion_logica -> . expresion_relacional
    (15) expresion_relacional -> . termino_aritmetico I termino_aritmetico
    (16) expresion_relacional -> . termino_aritmetico M termino_aritmetico
    (17) expresion_relacional -> . termino_aritmetico m termino_aritmetico
    (18) expresion_relacional -> . termino_aritmetico MI termino_aritmetico
    (19) expresion_relacional -> . termino_aritmetico mI termino_aritmetico
    (20) expresion_relacional -> . termino_aritmetico
    (21) termino_aritmetico -> . termino_aritmetico SUM factor
    (22) termino_aritmetico -> . termino_aritmetico RES factor
    (23) termino_aritmetico -> . factor
    (24) factor -> . factor MUL elemento
    (25) factor -> . factor DIV elemento
    (26) factor -> . elemento
    (29) elemento -> . ENTERO_DECIMAL
    (30) elemento -> . ENTERO_BINARIO
    (31) elemento -> . ENTERO_OCTAL
    (32) elemento -> . ENTERO_HEXADECIMAL
    (33) elemento -> . REAL_DECIMAL
    (34) elemento -> . REAL_CIENTIFICO
    (35) elemento -> . booleano
    (36) elemento -> . CARACTER
    (37) elemento -> . ID
    (38) elemento -> . PE expresion PS
    (39) elemento -> . RES elemento
    (40) elemento -> . NOT elemento
    (41) elemento -> . SEN PE expresion PS
    (42) elemento -> . COS PE expresion PS
    (43) elemento -> . EXP PE expresion PS
    (44) elemento -> . LOG PE expresion PS
    (27) booleano -> . TRUE
    (28) booleano -> . FALSE

    ID              shift and go to state 6
    INT             shift and go to state 8
    FLOAT           shift and go to state 9
    BOOL            shift and go to state 10
    CHAR            shift and go to state 11
    ENTERO_DECIMAL  shift and go to state 17
    ENTERO_BINARIO  shift and go to state 18
    ENTERO_OCTAL    shift and go to state 19
    ENTERO_HEXADECIMAL shift and go to state 20
    REAL_DECIMAL    shift and go to state 21
    REAL_CIENTIFICO shift and go to state 22
    CARACTER        shift and go to state 24
    PE              shift and go to state 25
    RES             shift and go to state 15
    NOT             shift and go to state 26
    SEN             shift and go to state 27
    COS             shift and go to state 28
    EXP             shift and go to state 29
    LOG             shift and go to state 30
    TRUE            shift and go to state 31
    FALSE           shift and go to state 32

    expresion                      shift and go to state 72
    tipo                           shift and go to state 5
    expresion_logica               shift and go to state 7
    expresion_relacional           shift and go to state 12
    termino_aritmetico             shift and go to state 13
    factor                         shift and go to state 14
    elemento                       shift and go to state 16
    booleano                       shift and go to state 23

state 55

    (44) elemento -> LOG PE . expresion PS
    (5) expresion -> . tipo ID EQ expresion
    (6) expresion -> . ID EQ expresion
    (11) expresion -> . expresion OR expresion_logica
    (12) expresion -> . expresion_logica
    (7) tipo -> . INT
    (8) tipo -> . FLOAT
    (9) tipo -> . BOOL
    (10) tipo -> . CHAR
    (13) expresion_logica -> . expresion_logica AND expresion_relacional
    (14) expresion_logica -> . expresion_relacional
    (15) expresion_relacional -> . termino_aritmetico I termino_aritmetico
    (16) expresion_relacional -> . termino_aritmetico M termino_aritmetico
    (17) expresion_relacional -> . termino_aritmetico m termino_aritmetico
    (18) expresion_relacional -> . termino_aritmetico MI termino_aritmetico
    (19) expresion_relacional -> . termino_aritmetico mI termino_aritmetico
    (20) expresion_relacional -> . termino_aritmetico
    (21) termino_aritmetico -> . termino_aritmetico SUM factor
    (22) termino_aritmetico -> . termino_aritmetico RES factor
    (23) termino_aritmetico -> . factor
    (24) factor -> . factor MUL elemento
    (25) factor -> . factor DIV elemento
    (26) factor -> . elemento
    (29) elemento -> . ENTERO_DECIMAL
    (30) elemento -> . ENTERO_BINARIO
    (31) elemento -> . ENTERO_OCTAL
    (32) elemento -> . ENTERO_HEXADECIMAL
    (33) elemento -> . REAL_DECIMAL
    (34) elemento -> . REAL_CIENTIFICO
    (35) elemento -> . booleano
    (36) elemento -> . CARACTER
    (37) elemento -> . ID
    (38) elemento -> . PE expresion PS
    (39) elemento -> . RES elemento
    (40) elemento -> . NOT elemento
    (41) elemento -> . SEN PE expresion PS
    (42) elemento -> . COS PE expresion PS
    (43) elemento -> . EXP PE expresion PS
    (44) elemento -> . LOG PE expresion PS
    (27) booleano -> . TRUE
    (28) booleano -> . FALSE

    ID              shift and go to state 6
    INT             shift and go to state 8
    FLOAT           shift and go to state 9
    BOOL            shift and go to state 10
    CHAR            shift and go to state 11
    ENTERO_DECIMAL  shift and go to state 17
    ENTERO_BINARIO  shift and go to state 18
    ENTERO_OCTAL    shift and go to state 19
    ENTERO_HEXADECIMAL shift and go to state 20
    REAL_DECIMAL    shift and go to state 21
    REAL_CIENTIFICO shift and go to state 22
    CARACTER        shift and go to state 24
    PE              shift and go to state 25
    RES             shift and go to state 15
    NOT             shift and go to state 26
    SEN             shift and go to state 27
    COS             shift and go to state 28
    EXP             shift and go to state 29
    LOG             shift and go to state 30
    TRUE            shift and go to state 31
    FALSE           shift and go to state 32

    expresion                      shift and go to state 73
    tipo                           shift and go to state 5
    expresion_logica               shift and go to state 7
    expresion_relacional           shift and go to state 12
    termino_aritmetico             shift and go to state 13
    factor                         shift and go to state 14
    elemento                       shift and go to state 16
    booleano                       shift and go to state 23

state 56

    (11) expresion -> expresion OR expresion_logica .
    (13) expresion_logica -> expresion_logica . AND expresion_relacional

    NEWLINE         reduce using rule 11 (expresion -> expresion OR expresion_logica .)
    OR              reduce using rule 11 (expresion -> expresion OR expresion_logica .)
    PS              reduce using rule 11 (expresion -> expresion OR expresion_logica .)
    AND             shift and go to state 38


state 57

    (5) expresion -> tipo ID EQ . expresion
    (5) expresion -> . tipo ID EQ expresion
    (6) expresion -> . ID EQ expresion
    (11) expresion -> . expresion OR expresion_logica
    (12) expresion -> . expresion_logica
    (7) tipo -> . INT
    (8) tipo -> . FLOAT
    (9) tipo -> . BOOL
    (10) tipo -> . CHAR
    (13) expresion_logica -> . expresion_logica AND expresion_relacional
    (14) expresion_logica -> . expresion_relacional
    (15) expresion_relacional -> . termino_aritmetico I termino_aritmetico
    (16) expresion_relacional -> . termino_aritmetico M termino_aritmetico
    (17) expresion_relacional -> . termino_aritmetico m termino_aritmetico
    (18) expresion_relacional -> . termino_aritmetico MI termino_aritmetico
    (19) expresion_relacional -> . termino_aritmetico mI termino_aritmetico
    (20) expresion_relacional -> . termino_aritmetico
    (21) termino_aritmetico -> . termino_aritmetico SUM factor
    (22) termino_aritmetico -> . termino_aritmetico RES factor
    (23) termino_aritmetico -> . factor
    (24) factor -> . factor MUL elemento
    (25) factor -> . factor DIV elemento
    (26) factor -> . elemento
    (29) elemento -> . ENTERO_DECIMAL
    (30) elemento -> . ENTERO_BINARIO
    (31) elemento -> . ENTERO_OCTAL
    (32) elemento -> . ENTERO_HEXADECIMAL
    (33) elemento -> . REAL_DECIMAL
    (34) elemento -> . REAL_CIENTIFICO
    (35) elemento -> . booleano
    (36) elemento -> . CARACTER
    (37) elemento -> . ID
    (38) elemento -> . PE expresion PS
    (39) elemento -> . RES elemento
    (40) elemento -> . NOT elemento
    (41) elemento -> . SEN PE expresion PS
    (42) elemento -> . COS PE expresion PS
    (43) elemento -> . EXP PE expresion PS
    (44) elemento -> . LOG PE expresion PS
    (27) booleano -> . TRUE
    (28) booleano -> . FALSE

    ID              shift and go to state 6
    INT             shift and go to state 8
    FLOAT           shift and go to state 9
    BOOL            shift and go to state 10
    CHAR            shift and go to state 11
    ENTERO_DECIMAL  shift and go to state 17
    ENTERO_BINARIO  shift and go to state 18
    ENTERO_OCTAL    shift and go to state 19
    ENTERO_HEXADECIMAL shift and go to state 20
    REAL_DECIMAL    shift and go to state 21
    REAL_CIENTIFICO shift and go to state 22
    CARACTER        shift and go to state 24
    PE              shift and go to state 25
    RES             shift and go to state 15
    NOT             shift and go to state 26
    SEN             shift and go to state 27
    COS             shift and go to state 28
    EXP             shift and go to state 29
    LOG             shift and go to state 30
    TRUE            shift and go to state 31
    FALSE           shift and go to state 32

    tipo                           shift and go to state 5
    expresion                      shift and go to state 74
    expresion_logica               shift and go to state 7
    expresion_relacional           shift and go to state 12
    termino_aritmetico             shift and go to state 13
    factor                         shift and go to state 14
    elemento                       shift and go to state 16
    booleano                       shift and go to state 23

state 58

    (6) expresion -> ID EQ expresion .
    (11) expresion -> expresion . OR expresion_logica

  ! shift/reduce conflict for OR resolved as shift
    NEWLINE         reduce using rule 6 (expresion -> ID EQ expresion .)
    PS              reduce using rule 6 (expresion -> ID EQ expresion .)
    OR              shift and go to state 35

  ! OR              [ reduce using rule 6 (expresion -> ID EQ expresion .) ]


state 59

    (13) expresion_logica -> expresion_logica AND expresion_relacional .

    AND             reduce using rule 13 (expresion_logica -> expresion_logica AND expresion_relacional .)
    NEWLINE         reduce using rule 13 (expresion_logica -> expresion_logica AND expresion_relacional .)
    OR              reduce using rule 13 (expresion_logica -> expresion_logica AND expresion_relacional .)
    PS              reduce using rule 13 (expresion_logica -> expresion_logica AND expresion_relacional .)


state 60

    (15) expresion_relacional -> termino_aritmetico I termino_aritmetico .
    (21) termino_aritmetico -> termino_aritmetico . SUM factor
    (22) termino_aritmetico -> termino_aritmetico . RES factor

    AND             reduce using rule 15 (expresion_relacional -> termino_aritmetico I termino_aritmetico .)
    NEWLINE         reduce using rule 15 (expresion_relacional -> termino_aritmetico I termino_aritmetico .)
    OR              reduce using rule 15 (expresion_relacional -> termino_aritmetico I termino_aritmetico .)
    PS              reduce using rule 15 (expresion_relacional -> termino_aritmetico I termino_aritmetico .)
    SUM             shift and go to state 44
    RES             shift and go to state 45


state 61

    (16) expresion_relacional -> termino_aritmetico M termino_aritmetico .
    (21) termino_aritmetico -> termino_aritmetico . SUM factor
    (22) termino_aritmetico -> termino_aritmetico . RES factor

    AND             reduce using rule 16 (expresion_relacional -> termino_aritmetico M termino_aritmetico .)
    NEWLINE         reduce using rule 16 (expresion_relacional -> termino_aritmetico M termino_aritmetico .)
    OR              reduce using rule 16 (expresion_relacional -> termino_aritmetico M termino_aritmetico .)
    PS              reduce using rule 16 (expresion_relacional -> termino_aritmetico M termino_aritmetico .)
    SUM             shift and go to state 44
    RES             shift and go to state 45


state 62

    (17) expresion_relacional -> termino_aritmetico m termino_aritmetico .
    (21) termino_aritmetico -> termino_aritmetico . SUM factor
    (22) termino_aritmetico -> termino_aritmetico . RES factor

    AND             reduce using rule 17 (expresion_relacional -> termino_aritmetico m termino_aritmetico .)
    NEWLINE         reduce using rule 17 (expresion_relacional -> termino_aritmetico m termino_aritmetico .)
    OR              reduce using rule 17 (expresion_relacional -> termino_aritmetico m termino_aritmetico .)
    PS              reduce using rule 17 (expresion_relacional -> termino_aritmetico m termino_aritmetico .)
    SUM             shift and go to state 44
    RES             shift and go to state 45


state 63

    (18) expresion_relacional -> termino_aritmetico MI termino_aritmetico .
    (21) termino_aritmetico -> termino_aritmetico . SUM factor
    (22) termino_aritmetico -> termino_aritmetico . RES factor

    AND             reduce using rule 18 (expresion_relacional -> termino_aritmetico MI termino_aritmetico .)
    NEWLINE         reduce using rule 18 (expresion_relacional -> termino_aritmetico MI termino_aritmetico .)
    OR              reduce using rule 18 (expresion_relacional -> termino_aritmetico MI termino_aritmetico .)
    PS              reduce using rule 18 (expresion_relacional -> termino_aritmetico MI termino_aritmetico .)
    SUM             shift and go to state 44
    RES             shift and go to state 45


state 64

    (19) expresion_relacional -> termino_aritmetico mI termino_aritmetico .
    (21) termino_aritmetico -> termino_aritmetico . SUM factor
    (22) termino_aritmetico -> termino_aritmetico . RES factor

    AND             reduce using rule 19 (expresion_relacional -> termino_aritmetico mI termino_aritmetico .)
    NEWLINE         reduce using rule 19 (expresion_relacional -> termino_aritmetico mI termino_aritmetico .)
    OR              reduce using rule 19 (expresion_relacional -> termino_aritmetico mI termino_aritmetico .)
    PS              reduce using rule 19 (expresion_relacional -> termino_aritmetico mI termino_aritmetico .)
    SUM             shift and go to state 44
    RES             shift and go to state 45


state 65

    (21) termino_aritmetico -> termino_aritmetico SUM factor .
    (24) factor -> factor . MUL elemento
    (25) factor -> factor . DIV elemento

    I               reduce using rule 21 (termino_aritmetico -> termino_aritmetico SUM factor .)
    M               reduce using rule 21 (termino_aritmetico -> termino_aritmetico SUM factor .)
    m               reduce using rule 21 (termino_aritmetico -> termino_aritmetico SUM factor .)
    MI              reduce using rule 21 (termino_aritmetico -> termino_aritmetico SUM factor .)
    mI              reduce using rule 21 (termino_aritmetico -> termino_aritmetico SUM factor .)
    SUM             reduce using rule 21 (termino_aritmetico -> termino_aritmetico SUM factor .)
    RES             reduce using rule 21 (termino_aritmetico -> termino_aritmetico SUM factor .)
    AND             reduce using rule 21 (termino_aritmetico -> termino_aritmetico SUM factor .)
    NEWLINE         reduce using rule 21 (termino_aritmetico -> termino_aritmetico SUM factor .)
    OR              reduce using rule 21 (termino_aritmetico -> termino_aritmetico SUM factor .)
    PS              reduce using rule 21 (termino_aritmetico -> termino_aritmetico SUM factor .)
    MUL             shift and go to state 46
    DIV             shift and go to state 47


state 66

    (22) termino_aritmetico -> termino_aritmetico RES factor .
    (24) factor -> factor . MUL elemento
    (25) factor -> factor . DIV elemento

    I               reduce using rule 22 (termino_aritmetico -> termino_aritmetico RES factor .)
    M               reduce using rule 22 (termino_aritmetico -> termino_aritmetico RES factor .)
    m               reduce using rule 22 (termino_aritmetico -> termino_aritmetico RES factor .)
    MI              reduce using rule 22 (termino_aritmetico -> termino_aritmetico RES factor .)
    mI              reduce using rule 22 (termino_aritmetico -> termino_aritmetico RES factor .)
    SUM             reduce using rule 22 (termino_aritmetico -> termino_aritmetico RES factor .)
    RES             reduce using rule 22 (termino_aritmetico -> termino_aritmetico RES factor .)
    AND             reduce using rule 22 (termino_aritmetico -> termino_aritmetico RES factor .)
    NEWLINE         reduce using rule 22 (termino_aritmetico -> termino_aritmetico RES factor .)
    OR              reduce using rule 22 (termino_aritmetico -> termino_aritmetico RES factor .)
    PS              reduce using rule 22 (termino_aritmetico -> termino_aritmetico RES factor .)
    MUL             shift and go to state 46
    DIV             shift and go to state 47


state 67

    (24) factor -> factor MUL elemento .

    MUL             reduce using rule 24 (factor -> factor MUL elemento .)
    DIV             reduce using rule 24 (factor -> factor MUL elemento .)
    I               reduce using rule 24 (factor -> factor MUL elemento .)
    M               reduce using rule 24 (factor -> factor MUL elemento .)
    m               reduce using rule 24 (factor -> factor MUL elemento .)
    MI              reduce using rule 24 (factor -> factor MUL elemento .)
    mI              reduce using rule 24 (factor -> factor MUL elemento .)
    SUM             reduce using rule 24 (factor -> factor MUL elemento .)
    RES             reduce using rule 24 (factor -> factor MUL elemento .)
    AND             reduce using rule 24 (factor -> factor MUL elemento .)
    NEWLINE         reduce using rule 24 (factor -> factor MUL elemento .)
    OR              reduce using rule 24 (factor -> factor MUL elemento .)
    PS              reduce using rule 24 (factor -> factor MUL elemento .)


state 68

    (25) factor -> factor DIV elemento .

    MUL             reduce using rule 25 (factor -> factor DIV elemento .)
    DIV             reduce using rule 25 (factor -> factor DIV elemento .)
    I               reduce using rule 25 (factor -> factor DIV elemento .)
    M               reduce using rule 25 (factor -> factor DIV elemento .)
    m               reduce using rule 25 (factor -> factor DIV elemento .)
    MI              reduce using rule 25 (factor -> factor DIV elemento .)
    mI              reduce using rule 25 (factor -> factor DIV elemento .)
    SUM             reduce using rule 25 (factor -> factor DIV elemento .)
    RES             reduce using rule 25 (factor -> factor DIV elemento .)
    AND             reduce using rule 25 (factor -> factor DIV elemento .)
    NEWLINE         reduce using rule 25 (factor -> factor DIV elemento .)
    OR              reduce using rule 25 (factor -> factor DIV elemento .)
    PS              reduce using rule 25 (factor -> factor DIV elemento .)


state 69

    (38) elemento -> PE expresion PS .

    MUL             reduce using rule 38 (elemento -> PE expresion PS .)
    DIV             reduce using rule 38 (elemento -> PE expresion PS .)
    I               reduce using rule 38 (elemento -> PE expresion PS .)
    M               reduce using rule 38 (elemento -> PE expresion PS .)
    m               reduce using rule 38 (elemento -> PE expresion PS .)
    MI              reduce using rule 38 (elemento -> PE expresion PS .)
    mI              reduce using rule 38 (elemento -> PE expresion PS .)
    SUM             reduce using rule 38 (elemento -> PE expresion PS .)
    RES             reduce using rule 38 (elemento -> PE expresion PS .)
    AND             reduce using rule 38 (elemento -> PE expresion PS .)
    NEWLINE         reduce using rule 38 (elemento -> PE expresion PS .)
    OR              reduce using rule 38 (elemento -> PE expresion PS .)
    PS              reduce using rule 38 (elemento -> PE expresion PS .)


state 70

    (41) elemento -> SEN PE expresion . PS
    (11) expresion -> expresion . OR expresion_logica

    PS              shift and go to state 75
    OR              shift and go to state 35


state 71

    (42) elemento -> COS PE expresion . PS
    (11) expresion -> expresion . OR expresion_logica

    PS              shift and go to state 76
    OR              shift and go to state 35


state 72

    (43) elemento -> EXP PE expresion . PS
    (11) expresion -> expresion . OR expresion_logica

    PS              shift and go to state 77
    OR              shift and go to state 35


state 73

    (44) elemento -> LOG PE expresion . PS
    (11) expresion -> expresion . OR expresion_logica

    PS              shift and go to state 78
    OR              shift and go to state 35


state 74

    (5) expresion -> tipo ID EQ expresion .
    (11) expresion -> expresion . OR expresion_logica

  ! shift/reduce conflict for OR resolved as shift
    NEWLINE         reduce using rule 5 (expresion -> tipo ID EQ expresion .)
    PS              reduce using rule 5 (expresion -> tipo ID EQ expresion .)
    OR              shift and go to state 35

  ! OR              [ reduce using rule 5 (expresion -> tipo ID EQ expresion .) ]


state 75

    (41) elemento -> SEN PE expresion PS .

    MUL             reduce using rule 41 (elemento -> SEN PE expresion PS .)
    DIV             reduce using rule 41 (elemento -> SEN PE expresion PS .)
    I               reduce using rule 41 (elemento -> SEN PE expresion PS .)
    M               reduce using rule 41 (elemento -> SEN PE expresion PS .)
    m               reduce using rule 41 (elemento -> SEN PE expresion PS .)
    MI              reduce using rule 41 (elemento -> SEN PE expresion PS .)
    mI              reduce using rule 41 (elemento -> SEN PE expresion PS .)
    SUM             reduce using rule 41 (elemento -> SEN PE expresion PS .)
    RES             reduce using rule 41 (elemento -> SEN PE expresion PS .)
    AND             reduce using rule 41 (elemento -> SEN PE expresion PS .)
    NEWLINE         reduce using rule 41 (elemento -> SEN PE expresion PS .)
    OR              reduce using rule 41 (elemento -> SEN PE expresion PS .)
    PS              reduce using rule 41 (elemento -> SEN PE expresion PS .)


state 76

    (42) elemento -> COS PE expresion PS .

    MUL             reduce using rule 42 (elemento -> COS PE expresion PS .)
    DIV             reduce using rule 42 (elemento -> COS PE expresion PS .)
    I               reduce using rule 42 (elemento -> COS PE expresion PS .)
    M               reduce using rule 42 (elemento -> COS PE expresion PS .)
    m               reduce using rule 42 (elemento -> COS PE expresion PS .)
    MI              reduce using rule 42 (elemento -> COS PE expresion PS .)
    mI              reduce using rule 42 (elemento -> COS PE expresion PS .)
    SUM             reduce using rule 42 (elemento -> COS PE expresion PS .)
    RES             reduce using rule 42 (elemento -> COS PE expresion PS .)
    AND             reduce using rule 42 (elemento -> COS PE expresion PS .)
    NEWLINE         reduce using rule 42 (elemento -> COS PE expresion PS .)
    OR              reduce using rule 42 (elemento -> COS PE expresion PS .)
    PS              reduce using rule 42 (elemento -> COS PE expresion PS .)


state 77

    (43) elemento -> EXP PE expresion PS .

    MUL             reduce using rule 43 (elemento -> EXP PE expresion PS .)
    DIV             reduce using rule 43 (elemento -> EXP PE expresion PS .)
    I               reduce using rule 43 (elemento -> EXP PE expresion PS .)
    M               reduce using rule 43 (elemento -> EXP PE expresion PS .)
    m               reduce using rule 43 (elemento -> EXP PE expresion PS .)
    MI              reduce using rule 43 (elemento -> EXP PE expresion PS .)
    mI              reduce using rule 43 (elemento -> EXP PE expresion PS .)
    SUM             reduce using rule 43 (elemento -> EXP PE expresion PS .)
    RES             reduce using rule 43 (elemento -> EXP PE expresion PS .)
    AND             reduce using rule 43 (elemento -> EXP PE expresion PS .)
    NEWLINE         reduce using rule 43 (elemento -> EXP PE expresion PS .)
    OR              reduce using rule 43 (elemento -> EXP PE expresion PS .)
    PS              reduce using rule 43 (elemento -> EXP PE expresion PS .)


state 78

    (44) elemento -> LOG PE expresion PS .

    MUL             reduce using rule 44 (elemento -> LOG PE expresion PS .)
    DIV             reduce using rule 44 (elemento -> LOG PE expresion PS .)
    I               reduce using rule 44 (elemento -> LOG PE expresion PS .)
    M               reduce using rule 44 (elemento -> LOG PE expresion PS .)
    m               reduce using rule 44 (elemento -> LOG PE expresion PS .)
    MI              reduce using rule 44 (elemento -> LOG PE expresion PS .)
    mI              reduce using rule 44 (elemento -> LOG PE expresion PS .)
    SUM             reduce using rule 44 (elemento -> LOG PE expresion PS .)
    RES             reduce using rule 44 (elemento -> LOG PE expresion PS .)
    AND             reduce using rule 44 (elemento -> LOG PE expresion PS .)
    NEWLINE         reduce using rule 44 (elemento -> LOG PE expresion PS .)
    OR              reduce using rule 44 (elemento -> LOG PE expresion PS .)
    PS              reduce using rule 44 (elemento -> LOG PE expresion PS .)

WARNING: 
WARNING: Conflicts:
WARNING: 
WARNING: shift/reduce conflict for OR in state 58 resolved as shift
WARNING: shift/reduce conflict for OR in state 74 resolved as shift
